<?xml version="1.0" encoding="UTF-8"?>
<!-- Generated by org.testng.reporters.JUnitReportReporter -->
<testsuite name="api.test.UserTests" tests="4" time="24.115" ignored="0" failures="0" timestamp="14 Apr 2024 08:45:29 GMT" skipped="0" hostname="LAPTOP-OB639NRA" errors="0">
  <testcase name="testDeleteUser" time="3.768" classname="api.test.UserTests"/>
  <testcase name="testPostUser" time="8.573" classname="api.test.UserTests"/>
  <testcase name="testUpdateUser" time="9.679" classname="api.test.UserTests"/>
  <testcase name="testGetUserByName" time="2.095" classname="api.test.UserTests"/>
</testsuite> <!-- api.test.UserTests -->
