<?xml version="1.0" encoding="UTF-8"?>
<!-- Generated by org.testng.reporters.JUnitReportReporter -->
<testsuite name="api.test.DDTest" tests="12" time="75.093" ignored="0" failures="0" timestamp="14 Apr 2024 07:43:41 GMT" skipped="0" hostname="LAPTOP-OB639NRA" errors="0">
  <testcase name="testGetUserByName" time="1.764" classname="api.test.DDTest"/>
  <testcase name="testDeleteUserByName" time="12.162" classname="api.test.DDTest"/>
  <testcase name="testGetUserByName" time="2.631" classname="api.test.DDTest"/>
  <testcase name="testPostUser" time="8.158" classname="api.test.DDTest"/>
  <testcase name="testGetUserByName" time="5.458" classname="api.test.DDTest"/>
  <testcase name="testDeleteUserByName" time="1.250" classname="api.test.DDTest"/>
  <testcase name="testDeleteUserByName" time="5.905" classname="api.test.DDTest"/>
  <testcase name="testPostUser" time="7.439" classname="api.test.DDTest"/>
  <testcase name="testGetUserByName" time="2.123" classname="api.test.DDTest"/>
  <testcase name="testDeleteUserByName" time="11.614" classname="api.test.DDTest"/>
  <testcase name="testPostUser" time="2.202" classname="api.test.DDTest"/>
  <testcase name="testPostUser" time="14.387" classname="api.test.DDTest"/>
</testsuite> <!-- api.test.DDTest -->
