<?xml version="1.0" encoding="UTF-8"?>
<!-- Generated by org.testng.reporters.JUnitReportReporter -->
<testsuite name="api.test.UserTests2" tests="4" time="10.783" ignored="0" failures="0" timestamp="14 Apr 2024 09:12:22 GMT" skipped="0" hostname="LAPTOP-OB639NRA" errors="0">
  <testcase name="testGetUserByName" time="1.535" classname="api.test.UserTests2"/>
  <testcase name="testDeleteUser" time="1.410" classname="api.test.UserTests2"/>
  <testcase name="testPostUser" time="4.707" classname="api.test.UserTests2"/>
  <testcase name="testUpdateUser" time="3.131" classname="api.test.UserTests2"/>
</testsuite> <!-- api.test.UserTests2 -->
