<?xml version="1.0" encoding="UTF-8"?>
<!-- Generated by org.testng.reporters.JUnitReportReporter -->
<testsuite hostname="LAPTOP-OB639NRA" failures="0" tests="12" name="api.test.DDTest" time="20.903" errors="0" timestamp="2024-04-14T18:19:47 IST" skipped="0">
  <testcase classname="api.test.DDTest" name="testPostUser" time="1.599"/>
  <testcase classname="api.test.DDTest" name="testPostUser" time="1.597"/>
  <testcase classname="api.test.DDTest" name="testPostUser" time="1.647"/>
  <testcase classname="api.test.DDTest" name="testPostUser" time="1.596"/>
  <testcase classname="api.test.DDTest" name="testGetUserByName" time="1.593"/>
  <testcase classname="api.test.DDTest" name="testGetUserByName" time="1.578"/>
  <testcase classname="api.test.DDTest" name="testGetUserByName" time="1.655"/>
  <testcase classname="api.test.DDTest" name="testGetUserByName" time="3.198"/>
  <testcase classname="api.test.DDTest" name="testDeleteUserByName" time="1.594"/>
  <testcase classname="api.test.DDTest" name="testDeleteUserByName" time="1.625"/>
  <testcase classname="api.test.DDTest" name="testDeleteUserByName" time="1.595"/>
  <testcase classname="api.test.DDTest" name="testDeleteUserByName" time="1.626"/>
</testsuite> <!-- api.test.DDTest -->
