<?xml version="1.0" encoding="UTF-8"?>
<!-- Generated by org.testng.reporters.JUnitReportReporter -->
<testsuite hostname="LAPTOP-OB639NRA" failures="0" tests="4" name="api.test.UserTests2" time="7.940" errors="0" timestamp="2024-04-14T18:19:47 IST" skipped="0">
  <testcase classname="api.test.UserTests2" name="testPostUser" time="1.703"/>
  <testcase classname="api.test.UserTests2" name="testGetUserByName" time="1.610"/>
  <testcase classname="api.test.UserTests2" name="testUpdateUser" time="3.189"/>
  <testcase classname="api.test.UserTests2" name="testDeleteUser" time="1.438"/>
</testsuite> <!-- api.test.UserTests2 -->
