<?xml version="1.0" encoding="UTF-8"?>
<!-- Generated by org.testng.reporters.JUnitReportReporter -->
<testsuite hostname="LAPTOP-OB639NRA" failures="0" tests="4" name="api.test.UserTests" time="10.622" errors="0" timestamp="2024-04-14T18:19:47 IST" skipped="0">
  <testcase classname="api.test.UserTests" name="testPostUser" time="4.171"/>
  <testcase classname="api.test.UserTests" name="testGetUserByName" time="1.665"/>
  <testcase classname="api.test.UserTests" name="testUpdateUser" time="3.192"/>
  <testcase classname="api.test.UserTests" name="testDeleteUser" time="1.594"/>
</testsuite> <!-- api.test.UserTests -->
