<?xml version="1.0" encoding="UTF-8"?>
<!-- Generated by org.testng.reporters.JUnitReportReporter -->
<testsuite hostname="LAPTOP-OB639NRA" failures="0" tests="12" name="api.test.DDTest" time="21.285" errors="0" timestamp="2024-04-14T16:32:57 IST" skipped="0">
  <testcase classname="api.test.DDTest" name="testPostUser" time="1.542"/>
  <testcase classname="api.test.DDTest" name="testPostUser" time="1.702"/>
  <testcase classname="api.test.DDTest" name="testPostUser" time="1.762"/>
  <testcase classname="api.test.DDTest" name="testPostUser" time="2.719"/>
  <testcase classname="api.test.DDTest" name="testGetUserByName" time="1.567"/>
  <testcase classname="api.test.DDTest" name="testGetUserByName" time="1.594"/>
  <testcase classname="api.test.DDTest" name="testGetUserByName" time="1.600"/>
  <testcase classname="api.test.DDTest" name="testGetUserByName" time="1.708"/>
  <testcase classname="api.test.DDTest" name="testDeleteUserByName" time="1.521"/>
  <testcase classname="api.test.DDTest" name="testDeleteUserByName" time="1.660"/>
  <testcase classname="api.test.DDTest" name="testDeleteUserByName" time="1.351"/>
  <testcase classname="api.test.DDTest" name="testDeleteUserByName" time="2.559"/>
</testsuite> <!-- api.test.DDTest -->
