<?xml version="1.0" encoding="UTF-8"?>
<!-- Generated by org.testng.reporters.JUnitReportReporter -->
<testsuite hostname="LAPTOP-OB639NRA" failures="0" tests="4" name="api.test.UserTests2" time="8.698" errors="0" timestamp="2024-04-14T16:32:57 IST" skipped="0">
  <testcase classname="api.test.UserTests2" name="testPostUser" time="1.505"/>
  <testcase classname="api.test.UserTests2" name="testGetUserByName" time="1.919"/>
  <testcase classname="api.test.UserTests2" name="testUpdateUser" time="3.520"/>
  <testcase classname="api.test.UserTests2" name="testDeleteUser" time="1.754"/>
</testsuite> <!-- api.test.UserTests2 -->
