<?xml version="1.0" encoding="UTF-8"?>
<!-- Generated by org.testng.reporters.JUnitReportReporter -->
<testsuite hostname="LAPTOP-OB639NRA" failures="0" tests="4" name="api.test.UserTests" time="10.908" errors="0" timestamp="2024-04-14T16:32:57 IST" skipped="0">
  <testcase classname="api.test.UserTests" name="testPostUser" time="4.451"/>
  <testcase classname="api.test.UserTests" name="testGetUserByName" time="1.661"/>
  <testcase classname="api.test.UserTests" name="testUpdateUser" time="3.243"/>
  <testcase classname="api.test.UserTests" name="testDeleteUser" time="1.553"/>
</testsuite> <!-- api.test.UserTests -->
